Downloaded page to btc.html
Price: 94025.50
Change %: 1.23
Market Cap: 1879804699500
Volume (24h): 65200000000
FDV: 1974555000000.00
Vol/Mkt Cap (%): 3.470000
Circulating Supply: 19959000
Data inserted successfully!
Price: 94125.16
Change %: 1.50
Market Cap: 1878721051489
Volume (24h): 64861561837
FDV: 1976628360000.00
Vol/Mkt Cap (%): 3.450000
Circulating Supply: 19959818
Data inserted successfully!
Price: 93995.12
Change %: 0.98
Market Cap: 1876129525115
Volume (24h): 65451694517
FDV: 1973897520000.00
Vol/Mkt Cap (%): 3.490000
Circulating Supply: 19959862
Data inserted successfully!
Price: 93944.75
Change %: 1.10
Market Cap: 1875124275603
Volume (24h): 65283761347
FDV: 1972839750000.00
Vol/Mkt Cap (%): 3.480000
Circulating Supply: 19959867
Data inserted successfully!
Price: 93517.94
Change %: -0.45
Market Cap: 1866605962371
Volume (24h): 65802484814
FDV: 1963876740000.00
Vol/Mkt Cap (%): 3.530000
Circulating Supply: 19959872
Data inserted successfully!
Price: 93091.13
Change %: -1.20
Market Cap: 1858087649139
Volume (24h): 66321208281
FDV: 1954913730000.00
Vol/Mkt Cap (%): 3.570000
Circulating Supply: 19959878
Data inserted successfully!
Price: 93150.55
Change %: 0.06
Market Cap: 1859247405000
Volume (24h): 66010000000
FDV: 1956221550000.00
Vol/Mkt Cap (%): 3.550000
Circulating Supply: 19959880
Data inserted successfully!
Price: 93280.42
Change %: 0.13
Market Cap: 1861521020000
Volume (24h): 66500000000
FDV: 1958936820000.00
Vol/Mkt Cap (%): 3.570000
Circulating Supply: 19959882
Data inserted successfully!
Price: 93412.30
Change %: 0.15
Market Cap: 1863914420000
Volume (24h): 67050000000
FDV: 1961808300000.00
Vol/Mkt Cap (%): 3.600000
Circulating Supply: 19959885
Data inserted successfully!
Price: 93550.77
Change %: 0.15
Market Cap: 1866401380000
Volume (24h): 67500000000
FDV: 1964739570000.00
Vol/Mkt Cap (%): 3.620000
Circulating Supply: 19959887
Data inserted successfully!
Price: 93625.20
Change %: 0.08
Market Cap: 1867684270000
Volume (24h): 68000000000
FDV: 1966379200000.00
Vol/Mkt Cap (%): 3.640000
Circulating Supply: 19959890
Data inserted successfully!
Price: 93720.60
Change %: 0.10
Market Cap: 1869315000000
Volume (24h): 68500000000
FDV: 1968492600000.00
Vol/Mkt Cap (%): 3.660000
Circulating Supply: 19959892
Data inserted successfully!
Price: 93876.73
Change %: 0.58
Market Cap: 1873880377307
Volume (24h): 54704373843
FDV: 1908411330000.00
Vol/Mkt Cap (%): 3.000000
Circulating Supply: 19959790
Data inserted successfully!
Price: 93925.80
Change %: 0.05
Market Cap: 1874880000000
Volume (24h): 54000000000
FDV: 1909911800000.00
Vol/Mkt Cap (%): 2.880000
Circulating Supply: 19959895
Data inserted successfully!
Price: 94012.50
Change %: 0.09
Market Cap: 1876350000000
Volume (24h): 53500000000
FDV: 1910125000000.00
Vol/Mkt Cap (%): 2.850000
Circulating Supply: 19959900
Data inserted successfully!
Price: 94100.12
Change %: 0.09
Market Cap: 1877800000000
Volume (24h): 53000000000
FDV: 1912112100000.00
Vol/Mkt Cap (%): 2.820000
Circulating Supply: 19959905
Data inserted successfully!
Price: 94150.45
Change %: 0.05
Market Cap: 1878800000000
Volume (24h): 52500000000
FDV: 1913154450000.00
Vol/Mkt Cap (%): 2.800000
Circulating Supply: 19959910
Data inserted successfully!
Price: 94200.33
Change %: 0.05
Market Cap: 1879800000000
Volume (24h): 52000000000
FDV: 1914246930000.00
Vol/Mkt Cap (%): 2.770000
Circulating Supply: 19959915
Data inserted successfully!
Price: 94300.50
Change %: 0.11
Market Cap: 1881800000000
Volume (24h): 51500000000
FDV: 1917631050000.00
Vol/Mkt Cap (%): 2.730000
Circulating Supply: 19959920
Data inserted successfully!
Price: 94450.12
Change %: 0.16
Market Cap: 1884510000000
Volume (24h): 51000000000
FDV: 1920276300000.00
Vol/Mkt Cap (%): 2.700000
Circulating Supply: 19959925
Data inserted successfully!
Price: 94520.77
Change %: 0.08
Market Cap: 1885970000000
Volume (24h): 50500000000
FDV: 1923842000000.00
Vol/Mkt Cap (%): 2.680000
Circulating Supply: 19959930
Data inserted successfully!
Price: 94580.12
Change %: 0.06
Market Cap: 1886970000000
Volume (24h): 50000000000
FDV: 1925402520000.00
Vol/Mkt Cap (%): 2.650000
Circulating Supply: 19959935
Data inserted successfully!
Price: 94620.50
Change %: 0.04
Market Cap: 1887800000000
Volume (24h): 49500000000
FDV: 1927054500000.00
Vol/Mkt Cap (%): 2.620000
Circulating Supply: 19959940
Data inserted successfully!
Price: 94650.77
Change %: 0.03
Market Cap: 1888300000000
Volume (24h): 49000000000
FDV: 1927716170000.00
Vol/Mkt Cap (%): 2.600000
Circulating Supply: 19959945
Data inserted successfully!
Downloaded page to btc.html
Price: 92405.61
Change %: 1.21
Market Cap: 1844405218645
Volume (24h): 66039266039
FDV: 1940517810000.00
Vol/Mkt Cap (%): 3.580500
Circulating Supply: 19959884
Data inserted successfully!
Downloaded page to btc.html
Price: 92890.73
Change %: 2.29
Market Cap: 1854089747804
Volume (24h): 67032294298
FDV: 1950705330000.00
Vol/Mkt Cap (%): 3.615300
Circulating Supply: 19959900
Data inserted successfully!
Downloaded page to btc.html
Price: 92753.97
Change %: 2.37
Market Cap: 1851361410184
Volume (24h): 66620293456
FDV: 1947833370000.00
Vol/Mkt Cap (%): 3.598400
Circulating Supply: 19959915
Data inserted successfully!
Downloaded page to btc.html
Price: 92300.97
Change %: 2.11
Market Cap: 1842321231111
Volume (24h): 67062114285
FDV: 1938320370000.00
Vol/Mkt Cap (%): 3.640000
Circulating Supply: 19959934
Data inserted successfully!
Downloaded page to btc.html
Price: 92340.68
Change %: 2.58
Market Cap: 1843115080443
Volume (24h): 67864031784
FDV: 1939154280000.00
Vol/Mkt Cap (%): 3.682000
Circulating Supply: 19959946
Data inserted successfully!
Downloaded page to btc.html
Price: 92322.04
Change %: 2.29
Market Cap: 1842744640364
Volume (24h): 67637248275
Circulating Supply: 19959965
Data inserted successfully!
Downloaded page to btc.html
Price: 92428.37
Change %: 2.29
Market Cap: 1844869290460
Volume (24h): 65141136014
Circulating Supply: 19959990
Data inserted successfully!
Downloaded page to btc.html
Price: 92604.46
Change %: 3.00
Market Cap: 1848386428043
Volume (24h): 65981374728
Circulating Supply: 19960015
Data inserted successfully!
Downloaded page to btc.html
Price: 92573.42
Change %: 2.95
Market Cap: 1847768903993
Volume (24h): 65416514617
Circulating Supply: 19960037
Data inserted successfully!
Downloaded page to btc.html
Price: 92703.98
Change %: 2.84
Market Cap: 1850377818151
Volume (24h): 65195384731
Circulating Supply: 19960068
Data inserted successfully!
Downloaded page to btc.html
Price: 92694.05
Change %: 2.41
Market Cap: 1850182225768
Volume (24h): 65072083278
Circulating Supply: 19960096
Data inserted successfully!
Downloaded page to btc.html
Price: 92639.79
Change %: 2.28
Market Cap: 1849100648292
Volume (24h): 65051884568
Circulating Supply: 19960112
Data inserted successfully!
Downloaded page to btc.html
Price: 92869.49
Change %: 2.97
Market Cap: 1853687767729
Volume (24h): 64848423727
Circulating Supply: 19960137
Data inserted successfully!
Downloaded page to btc.html
Price: 92334.33
Change %: 2.37
Market Cap: 1843008128253
Volume (24h): 66693050254
Circulating Supply: 19960162
Data inserted successfully!
Downloaded page to btc.html
Price: 92123.77
Change %: 1.97
Market Cap: 1838806645078
Volume (24h): 67284920406
Circulating Supply: 19960175
Data inserted successfully!
Downloaded page to btc.html
Price: 91967.57
Change %: 1.46
Market Cap: 1835689441340
Volume (24h): 67811974482
Circulating Supply: 19960181
Data inserted successfully!
Downloaded page to btc.html
Price: 92473.15
Change %: 1.54
Market Cap: 1845790941861
Volume (24h): 56469714349
Circulating Supply: 19960290
Data inserted successfully!
Downloaded page to btc.html
Price: 92896.79
Change %: 1.08
Market Cap: 1854248006971
Volume (24h): 58969577791
Circulating Supply: 19960303
Data inserted successfully!
Downloaded page to btc.html
Price: 92590.39
Change %: 0.54
Market Cap: 1848135191089
Volume (24h): 62903733009
Circulating Supply: 19960334
Data inserted successfully!
Downloaded page to btc.html
Price: 92662.74
Change %: 0.32
Market Cap: 1849580804318
Volume (24h): 65792532112
Circulating Supply: 19960350
Data inserted successfully!
Downloaded page to btc.html
Price: 92543.24
Change %: 0.31
Market Cap: 1847197496000
Volume (24h): 65763368986
Circulating Supply: 19960371
Data inserted successfully!
Downloaded page to btc.html
Price: 92010.21
Change %: 0.77
Market Cap: 1836560300997
Volume (24h): 65152597224
Circulating Supply: 19960396
Data inserted successfully!
Downloaded page to btc.html
Price: 91401.50
Change %: 0.93
Market Cap: 1824411694083
Volume (24h): 64907567097
Circulating Supply: 19960412
Data inserted successfully!
Downloaded page to btc.html
Price: 90824.54
Change %: 1.64
Market Cap: 1812897004991
Volume (24h): 65581602537
Circulating Supply: 19960431
Data inserted successfully!
Downloaded page to btc.html
Price: 90077.01
Change %: 2.45
Market Cap: 1797977066697
Volume (24h): 67331929221
Circulating Supply: 19960443
Data inserted successfully!
Downloaded page to btc.html
Price: 89850.84
Change %: 2.81
Market Cap: 1793465043733
Volume (24h): 69212215254
Circulating Supply: 19960471
Data inserted successfully!
Downloaded page to btc.html
Price: 90404.22
Change %: 2.38
Market Cap: 1804512256952
Volume (24h): 69530623398
Circulating Supply: 19960487
Data inserted successfully!
Downloaded page to btc.html
Price: 90338.17
Change %: 2.44
Market Cap: 1803195767161
Volume (24h): 70010040605
Circulating Supply: 19960509
Data inserted successfully!
Downloaded page to btc.html
Price: 90251.25
Change %: 2.61
Market Cap: 1801463146924
Volume (24h): 70479870004
Circulating Supply: 19960534
Data inserted successfully!
Downloaded page to btc.html
Price: 90202.74
Change %: 2.63
Market Cap: 1800497446615
Volume (24h): 69978946777
Circulating Supply: 19960562
Data inserted successfully!
Downloaded page to btc.html
Price: 90238.59
Change %: 2.83
Market Cap: 1801214163668
Volume (24h): 70588052055
Circulating Supply: 19960575
Data inserted successfully!
Downloaded page to btc.html
Price: 90346.34
Change %: 2.11
Market Cap: 1803366887359
Volume (24h): 68726935227
Circulating Supply: 19960596
Data inserted successfully!
Downloaded page to btc.html
Price: 90260.13
Change %: 2.02
Market Cap: 1801648280229
Volume (24h): 67434373405
Circulating Supply: 19960621
Data inserted successfully!
Downloaded page to btc.html
Price: 89524.47
Change %: 2.39
Market Cap: 1786969747938
Volume (24h): 67221460242
Circulating Supply: 19960684
Data inserted successfully!
Downloaded page to btc.html
Price: 91668.85
Change %: 1.00
Market Cap: 1829784446132
Volume (24h): 62135686343
Circulating Supply: 19960809
Data inserted successfully!
Downloaded page to btc.html
Price: 92953.44
Change %: 0.31
Market Cap: 1855429100120
Volume (24h): 63786620722
Circulating Supply: 19960843
Data inserted successfully!
Downloaded page to btc.html
Price: 92241.35
Change %: 0.36
Market Cap: 1841217175967
Volume (24h): 63892682278
Circulating Supply: 19960865
Data inserted successfully!
Downloaded page to btc.html
Price: 92609.68
Change %: 0.66
Market Cap: 1848571405251
Volume (24h): 64981675558
Circulating Supply: 19960887
Data inserted successfully!
Downloaded page to btc.html
Price: 92088.52
Change %: 0.75
Market Cap: 1838170793810
Volume (24h): 63406546823
Circulating Supply: 19960912
Data inserted successfully!
Downloaded page to btc.html
Price: 92180.30
Change %: 1.49
Market Cap: 1840004694960
Volume (24h): 63458588374
Circulating Supply: 19960931
Data inserted successfully!
Downloaded page to btc.html
Price: 92640.05
Change %: 2.85
Market Cap: 1849183423296
Volume (24h): 61874122158
Circulating Supply: 19960950
Data inserted successfully!
Downloaded page to btc.html
Price: 92376.43
Change %: 2.81
Market Cap: 1843922353455
Volume (24h): 60162187742
Circulating Supply: 19960962
Data inserted successfully!
Downloaded page to btc.html
Price: 92445.08
Change %: 2.26
Market Cap: 1845294703802
Volume (24h): 58801403746
Circulating Supply: 19960984
Data inserted successfully!
Downloaded page to btc.html
Price: 92436.37
Change %: 2.33
Market Cap: 1845121957750
Volume (24h): 57766380113
Circulating Supply: 19960996
Data inserted successfully!
Downloaded page to btc.html
Price: 92535.21
Change %: 2.52
Market Cap: 1847097719807
Volume (24h): 58308750739
Circulating Supply: 19961025
Data inserted successfully!
Downloaded page to btc.html
Price: 92457.54
Change %: 2.44
Market Cap: 1845548419817
Volume (24h): 60806415282
Circulating Supply: 19961037
Data inserted successfully!
Downloaded page to btc.html
Price: 90300.11
Change %: 2.12
Market Cap: 1802509533830
Volume (24h): 80275760282
Circulating Supply: 19961321
Data inserted successfully!
Downloaded page to btc.html
Price: 90294.93
Change %: 2.38
Market Cap: 1802407565431
Volume (24h): 80633539838
Circulating Supply: 19961337
Data inserted successfully!
Downloaded page to btc.html
Price: 90341.40
Change %: 1.96
Market Cap: 1803335873419
Volume (24h): 81026133130
Circulating Supply: 19961346
Data inserted successfully!
Downloaded page to btc.html
Price: 90170.08
Change %: 2.20
Market Cap: 1799919656705
Volume (24h): 80547669869
Circulating Supply: 19961384
Data inserted successfully!
Downloaded page to btc.html
Price: 90244.28
Change %: 2.59
Market Cap: 1801402666497
Volume (24h): 81433309366
Circulating Supply: 19961406
Data inserted successfully!
Downloaded page to btc.html
Price: 90347.00
Change %: 2.13
Market Cap: 1803456015988
Volume (24h): 81227536133
Circulating Supply: 19961437
Data inserted successfully!
Downloaded page to btc.html
Price: 90375.22
Change %: 2.33
Market Cap: 1804023549034
Volume (24h): 83076069258
Circulating Supply: 19961484
Data inserted successfully!
Downloaded page to btc.html
Price: 90134.30
Change %: 0.15
Market Cap: 1799231508865
Volume (24h): 71347539604
Circulating Supply: 19961675
Data inserted successfully!
Downloaded page to btc.html
Price: 90077.27
Change %: -0.04
Market Cap: 1798093642646
Volume (24h): 68898141674
Circulating Supply: 19961681
/Users/sarkersaif/University/COMP1314 Data Management/Coursework/bitcoin-tracker/scraper.sh: line 80: mysql: command not found
Error: Failed to insert data into MySQL.
Downloaded page to btc.html
Price: 90125.56
Change %: -0.52
Market Cap: 1799059422321
Volume (24h): 66888562745
Circulating Supply: 19961700
/Users/sarkersaif/University/COMP1314 Data Management/Coursework/bitcoin-tracker/scraper.sh: line 80: mysql: command not found
Error: Failed to insert data into MySQL.
Downloaded page to btc.html
Price: 90213.51
Change %: -0.02
Market Cap: 1800817196323
Volume (24h): 65909930981
Circulating Supply: 19961725
/Users/sarkersaif/University/COMP1314 Data Management/Coursework/bitcoin-tracker/scraper.sh: line 80: mysql: command not found
Error: Failed to insert data into MySQL.
Downloaded page to btc.html
Price: 90164.06
Change %: -0.11
Market Cap: 1799832466468
Volume (24h): 65069324742
Circulating Supply: 19961750
/Users/sarkersaif/University/COMP1314 Data Management/Coursework/bitcoin-tracker/scraper.sh: line 80: mysql: command not found
Error: Failed to insert data into MySQL.
Downloaded page to btc.html
Price: 90083.91
Change %: -0.16
Market Cap: 1798234384963
Volume (24h): 64766128350
Circulating Supply: 19961771
/Users/sarkersaif/University/COMP1314 Data Management/Coursework/bitcoin-tracker/scraper.sh: line 80: mysql: command not found
Error: Failed to insert data into MySQL.
Downloaded page to btc.html
Price: 90222.09
Change %: -0.09
Market Cap: 1801003253381
Volume (24h): 64917984879
Circulating Supply: 19961887
/Users/sarkersaif/University/COMP1314 Data Management/Coursework/bitcoin-tracker/scraper.sh: line 80: mysql: command not found
Error: Failed to insert data into MySQL.
Downloaded page to btc.html
Price: 90158.27
Change %: -0.23
Market Cap: 1799731135563
Volume (24h): 65244114131
Circulating Supply: 19961909
/Users/sarkersaif/University/COMP1314 Data Management/Coursework/bitcoin-tracker/scraper.sh: line 80: mysql: command not found
Error: Failed to insert data into MySQL.
